<?xml version="1.0" encoding="UTF-8"?>
<testsuite xmlns:xsi="http://www.w3.org/2001/XMLSchema-instance" xsi:noNamespaceSchemaLocation="https://maven.apache.org/surefire/maven-surefire-plugin/xsd/surefire-test-report.xsd" name="com.birdnest.application.MonitorTests" time="2.86" tests="7" errors="0" skipped="0" failures="0">
  <properties>
    <property name="java.specification.version" value="19"/>
    <property name="sun.jnu.encoding" value="UTF-8"/>
    <property name="java.class.path" value="/Users/itoekimura/Code/BIRDNEST/hilla/birdnest/target/test-classes:/Users/itoekimura/Code/BIRDNEST/hilla/birdnest/target/classes:/Users/itoekimura/.m2/repository/dev/hilla/hilla-react/1.3.2/hilla-react-1.3.2.jar:/Users/itoekimura/.m2/repository/dev/hilla/endpoint/1.3.2/endpoint-1.3.2.jar:/Users/itoekimura/.m2/repository/com/vaadin/flow-server/23.3.2/flow-server-23.3.2.jar:/Users/itoekimura/.m2/repository/com/vaadin/servletdetector/throw-if-servlet5/1.0.2/throw-if-servlet5-1.0.2.jar:/Users/itoekimura/.m2/repository/commons-fileupload/commons-fileupload/1.4/commons-fileupload-1.4.jar:/Users/itoekimura/.m2/repository/org/jsoup/jsoup/1.15.3/jsoup-1.15.3.jar:/Users/itoekimura/.m2/repository/com/helger/ph-css/6.5.0/ph-css-6.5.0.jar:/Users/itoekimura/.m2/repository/com/helger/commons/ph-commons/10.1.6/ph-commons-10.1.6.jar:/Users/itoekimura/.m2/repository/com/vaadin/external/gentyref/1.2.0.vaadin1/gentyref-1.2.0.vaadin1.jar:/Users/itoekimura/.m2/repository/org/apache/commons/commons-compress/1.22/commons-compress-1.22.jar:/Users/itoekimura/.m2/repository/org/apache/httpcomponents/httpclient/4.5.13/httpclient-4.5.13.jar:/Users/itoekimura/.m2/repository/org/apache/httpcomponents/httpcore/4.4.15/httpcore-4.4.15.jar:/Users/itoekimura/.m2/repository/commons-io/commons-io/2.11.0/commons-io-2.11.0.jar:/Users/itoekimura/.m2/repository/javax/validation/validation-api/2.0.1.Final/validation-api-2.0.1.Final.jar:/Users/itoekimura/.m2/repository/org/springframework/data/spring-data-commons/2.7.5/spring-data-commons-2.7.5.jar:/Users/itoekimura/.m2/repository/org/springframework/spring-beans/5.3.23/spring-beans-5.3.23.jar:/Users/itoekimura/.m2/repository/org/springframework/spring-websocket/5.3.23/spring-websocket-5.3.23.jar:/Users/itoekimura/.m2/repository/io/projectreactor/reactor-core/3.4.24/reactor-core-3.4.24.jar:/Users/itoekimura/.m2/repository/org/reactivestreams/reactive-streams/1.0.4/reactive-streams-1.0.4.jar:/Users/itoekimura/.m2/repository/com/vaadin/external/atmosphere/atmosphere-runtime/2.7.3.slf4jvaadin4/atmosphere-runtime-2.7.3.slf4jvaadin4.jar:/Users/itoekimura/.m2/repository/com/vaadin/external/google/android-json/0.0.20131108.vaadin1/android-json-0.0.20131108.vaadin1.jar:/Users/itoekimura/.m2/repository/com/fasterxml/jackson/dataformat/jackson-dataformat-yaml/2.13.4/jackson-dataformat-yaml-2.13.4.jar:/Users/itoekimura/.m2/repository/org/slf4j/slf4j-ext/1.7.36/slf4j-ext-1.7.36.jar:/Users/itoekimura/.m2/repository/javax/annotation/javax.annotation-api/1.3.2/javax.annotation-api-1.3.2.jar:/Users/itoekimura/.m2/repository/org/springframework/security/spring-security-core/5.7.4/spring-security-core-5.7.4.jar:/Users/itoekimura/.m2/repository/org/springframework/security/spring-security-crypto/5.7.4/spring-security-crypto-5.7.4.jar:/Users/itoekimura/.m2/repository/org/springframework/spring-aop/5.3.23/spring-aop-5.3.23.jar:/Users/itoekimura/.m2/repository/org/springframework/spring-expression/5.3.23/spring-expression-5.3.23.jar:/Users/itoekimura/.m2/repository/com/github/javaparser/javaparser-symbol-solver-core/3.24.2/javaparser-symbol-solver-core-3.24.2.jar:/Users/itoekimura/.m2/repository/com/github/javaparser/javaparser-core/3.24.2/javaparser-core-3.24.2.jar:/Users/itoekimura/.m2/repository/com/google/guava/guava/31.1-jre/guava-31.1-jre.jar:/Users/itoekimura/.m2/repository/com/google/guava/failureaccess/1.0.1/failureaccess-1.0.1.jar:/Users/itoekimura/.m2/repository/com/google/guava/listenablefuture/9999.0-empty-to-avoid-conflict-with-guava/listenablefuture-9999.0-empty-to-avoid-conflict-with-guava.jar:/Users/itoekimura/.m2/repository/org/checkerframework/checker-qual/3.12.0/checker-qual-3.12.0.jar:/Users/itoekimura/.m2/repository/com/google/errorprone/error_prone_annotations/2.11.0/error_prone_annotations-2.11.0.jar:/Users/itoekimura/.m2/repository/com/google/j2objc/j2objc-annotations/1.3/j2objc-annotations-1.3.jar:/Users/itoekimura/.m2/repository/io/swagger/codegen/v3/swagger-codegen/3.0.20/swagger-codegen-3.0.20.jar:/Users/itoekimura/.m2/repository/io/swagger/swagger-parser/1.0.51/swagger-parser-1.0.51.jar:/Users/itoekimura/.m2/repository/io/swagger/swagger-core/1.6.1/swagger-core-1.6.1.jar:/Users/itoekimura/.m2/repository/io/swagger/swagger-models/1.6.1/swagger-models-1.6.1.jar:/Users/itoekimura/.m2/repository/io/swagger/swagger-annotations/1.6.1/swagger-annotations-1.6.1.jar:/Users/itoekimura/.m2/repository/io/swagger/parser/v3/swagger-parser/2.0.20/swagger-parser-2.0.20.jar:/Users/itoekimura/.m2/repository/io/swagger/parser/v3/swagger-parser-v2-converter/2.0.20/swagger-parser-v2-converter-2.0.20.jar:/Users/itoekimura/.m2/repository/io/swagger/core/v3/swagger-models/2.1.2/swagger-models-2.1.2.jar:/Users/itoekimura/.m2/repository/io/swagger/parser/v3/swagger-parser-core/2.0.20/swagger-parser-core-2.0.20.jar:/Users/itoekimura/.m2/repository/io/swagger/parser/v3/swagger-parser-v3/2.0.20/swagger-parser-v3-2.0.20.jar:/Users/itoekimura/.m2/repository/io/swagger/core/v3/swagger-core/2.1.2/swagger-core-2.1.2.jar:/Users/itoekimura/.m2/repository/io/swagger/core/v3/swagger-annotations/2.1.2/swagger-annotations-2.1.2.jar:/Users/itoekimura/.m2/repository/io/swagger/swagger-codegen/2.4.14/swagger-codegen-2.4.14.jar:/Users/itoekimura/.m2/repository/io/swagger/swagger-compat-spec-parser/1.0.51/swagger-compat-spec-parser-1.0.51.jar:/Users/itoekimura/.m2/repository/com/github/java-json-tools/json-schema-validator/2.2.8/json-schema-validator-2.2.8.jar:/Users/itoekimura/.m2/repository/com/github/java-json-tools/json-schema-core/1.2.8/json-schema-core-1.2.8.jar:/Users/itoekimura/.m2/repository/org/mozilla/rhino/1.7R4/rhino-1.7R4.jar:/Users/itoekimura/.m2/repository/com/github/fge/uri-template/0.9/uri-template-0.9.jar:/Users/itoekimura/.m2/repository/joda-time/joda-time/2.9.7/joda-time-2.9.7.jar:/Users/itoekimura/.m2/repository/com/googlecode/libphonenumber/libphonenumber/8.0.0/libphonenumber-8.0.0.jar:/Users/itoekimura/.m2/repository/net/sf/jopt-simple/jopt-simple/5.0.3/jopt-simple-5.0.3.jar:/Users/itoekimura/.m2/repository/com/github/fge/json-patch/1.6/json-patch-1.6.jar:/Users/itoekimura/.m2/repository/com/github/fge/jackson-coreutils/1.6/jackson-coreutils-1.6.jar:/Users/itoekimura/.m2/repository/com/github/fge/msg-simple/1.1/msg-simple-1.1.jar:/Users/itoekimura/.m2/repository/com/github/fge/btf/1.2/btf-1.2.jar:/Users/itoekimura/.m2/repository/com/samskivert/jmustache/1.15/jmustache-1.15.jar:/Users/itoekimura/.m2/repository/commons-cli/commons-cli/1.2/commons-cli-1.2.jar:/Users/itoekimura/.m2/repository/com/github/jknack/handlebars/4.1.2/handlebars-4.1.2.jar:/Users/itoekimura/.m2/repository/com/atlassian/commonmark/commonmark/0.9.0/commonmark-0.9.0.jar:/Users/itoekimura/.m2/repository/io/swagger/codegen/v3/swagger-codegen-generators/1.0.20/swagger-codegen-generators-1.0.20.jar:/Users/itoekimura/.m2/repository/dev/hilla/engine-runtime/1.3.2/engine-runtime-1.3.2.jar:/Users/itoekimura/.m2/repository/com/google/code/findbugs/jsr305/3.0.2/jsr305-3.0.2.jar:/Users/itoekimura/.m2/repository/com/vaadin/vaadin-dev-server/23.3.2/vaadin-dev-server-23.3.2.jar:/Users/itoekimura/.m2/repository/com/vaadin/license-checker/1.11.2/license-checker-1.11.2.jar:/Users/itoekimura/.m2/repository/com/github/oshi/oshi-core/6.1.6/oshi-core-6.1.6.jar:/Users/itoekimura/.m2/repository/net/java/dev/jna/jna-platform/5.11.0/jna-platform-5.11.0.jar:/Users/itoekimura/.m2/repository/com/nimbusds/nimbus-jose-jwt/9.23/nimbus-jose-jwt-9.23.jar:/Users/itoekimura/.m2/repository/org/lucee/jcip-annotations/1.0.0/jcip-annotations-1.0.0.jar:/Users/itoekimura/.m2/repository/com/vaadin/open/8.4.0.3/open-8.4.0.3.jar:/Users/itoekimura/.m2/repository/com/vaadin/flow-client/23.3.2/flow-client-23.3.2.jar:/Users/itoekimura/.m2/repository/com/vaadin/vaadin-lumo-theme/23.3.2/vaadin-lumo-theme-23.3.2.jar:/Users/itoekimura/.m2/repository/com/vaadin/vaadin-icons-flow/23.3.2/vaadin-icons-flow-23.3.2.jar:/Users/itoekimura/.m2/repository/com/vaadin/vaadin-flow-components-base/23.3.2/vaadin-flow-components-base-23.3.2.jar:/Users/itoekimura/.m2/repository/com/vaadin/vaadin-material-theme/23.3.2/vaadin-material-theme-23.3.2.jar:/Users/itoekimura/.m2/repository/dev/hilla/hilla-spring-boot-starter/1.3.2/hilla-spring-boot-starter-1.3.2.jar:/Users/itoekimura/.m2/repository/com/vaadin/vaadin-spring/23.3.2/vaadin-spring-23.3.2.jar:/Users/itoekimura/.m2/repository/com/vaadin/flow-push/23.3.2/flow-push-23.3.2.jar:/Users/itoekimura/.m2/repository/org/springframework/spring-webmvc/5.3.23/spring-webmvc-5.3.23.jar:/Users/itoekimura/.m2/repository/dev/hilla/hilla/1.3.2/hilla-1.3.2.jar:/Users/itoekimura/.m2/repository/org/springframework/boot/spring-boot-starter-web/2.7.5/spring-boot-starter-web-2.7.5.jar:/Users/itoekimura/.m2/repository/org/springframework/boot/spring-boot-starter-json/2.7.5/spring-boot-starter-json-2.7.5.jar:/Users/itoekimura/.m2/repository/com/fasterxml/jackson/datatype/jackson-datatype-jdk8/2.13.4/jackson-datatype-jdk8-2.13.4.jar:/Users/itoekimura/.m2/repository/com/fasterxml/jackson/module/jackson-module-parameter-names/2.13.4/jackson-module-parameter-names-2.13.4.jar:/Users/itoekimura/.m2/repository/org/springframework/boot/spring-boot-starter-tomcat/2.7.5/spring-boot-starter-tomcat-2.7.5.jar:/Users/itoekimura/.m2/repository/org/apache/tomcat/embed/tomcat-embed-core/9.0.68/tomcat-embed-core-9.0.68.jar:/Users/itoekimura/.m2/repository/org/apache/tomcat/embed/tomcat-embed-websocket/9.0.68/tomcat-embed-websocket-9.0.68.jar:/Users/itoekimura/.m2/repository/org/springframework/spring-web/5.3.23/spring-web-5.3.23.jar:/Users/itoekimura/.m2/repository/org/springframework/boot/spring-boot-starter-validation/2.7.5/spring-boot-starter-validation-2.7.5.jar:/Users/itoekimura/.m2/repository/org/springframework/boot/spring-boot-starter/2.7.5/spring-boot-starter-2.7.5.jar:/Users/itoekimura/.m2/repository/org/springframework/boot/spring-boot-starter-logging/2.7.5/spring-boot-starter-logging-2.7.5.jar:/Users/itoekimura/.m2/repository/ch/qos/logback/logback-classic/1.2.11/logback-classic-1.2.11.jar:/Users/itoekimura/.m2/repository/ch/qos/logback/logback-core/1.2.11/logback-core-1.2.11.jar:/Users/itoekimura/.m2/repository/org/apache/logging/log4j/log4j-to-slf4j/2.17.2/log4j-to-slf4j-2.17.2.jar:/Users/itoekimura/.m2/repository/org/apache/logging/log4j/log4j-api/2.17.2/log4j-api-2.17.2.jar:/Users/itoekimura/.m2/repository/org/slf4j/jul-to-slf4j/1.7.36/jul-to-slf4j-1.7.36.jar:/Users/itoekimura/.m2/repository/jakarta/annotation/jakarta.annotation-api/1.3.5/jakarta.annotation-api-1.3.5.jar:/Users/itoekimura/.m2/repository/org/yaml/snakeyaml/1.30/snakeyaml-1.30.jar:/Users/itoekimura/.m2/repository/org/apache/tomcat/embed/tomcat-embed-el/9.0.68/tomcat-embed-el-9.0.68.jar:/Users/itoekimura/.m2/repository/org/hibernate/validator/hibernate-validator/6.2.5.Final/hibernate-validator-6.2.5.Final.jar:/Users/itoekimura/.m2/repository/jakarta/validation/jakarta.validation-api/2.0.2/jakarta.validation-api-2.0.2.jar:/Users/itoekimura/.m2/repository/org/jboss/logging/jboss-logging/3.4.3.Final/jboss-logging-3.4.3.Final.jar:/Users/itoekimura/.m2/repository/com/fasterxml/classmate/1.5.1/classmate-1.5.1.jar:/Users/itoekimura/.m2/repository/org/springframework/boot/spring-boot-devtools/2.7.5/spring-boot-devtools-2.7.5.jar:/Users/itoekimura/.m2/repository/org/springframework/boot/spring-boot/2.7.5/spring-boot-2.7.5.jar:/Users/itoekimura/.m2/repository/org/springframework/spring-context/5.3.23/spring-context-5.3.23.jar:/Users/itoekimura/.m2/repository/org/springframework/boot/spring-boot-autoconfigure/2.7.5/spring-boot-autoconfigure-2.7.5.jar:/Users/itoekimura/.m2/repository/org/springframework/boot/spring-boot-starter-test/2.7.5/spring-boot-starter-test-2.7.5.jar:/Users/itoekimura/.m2/repository/org/springframework/boot/spring-boot-test/2.7.5/spring-boot-test-2.7.5.jar:/Users/itoekimura/.m2/repository/org/springframework/boot/spring-boot-test-autoconfigure/2.7.5/spring-boot-test-autoconfigure-2.7.5.jar:/Users/itoekimura/.m2/repository/com/jayway/jsonpath/json-path/2.7.0/json-path-2.7.0.jar:/Users/itoekimura/.m2/repository/net/minidev/json-smart/2.4.8/json-smart-2.4.8.jar:/Users/itoekimura/.m2/repository/net/minidev/accessors-smart/2.4.8/accessors-smart-2.4.8.jar:/Users/itoekimura/.m2/repository/org/ow2/asm/asm/9.1/asm-9.1.jar:/Users/itoekimura/.m2/repository/jakarta/xml/bind/jakarta.xml.bind-api/2.3.3/jakarta.xml.bind-api-2.3.3.jar:/Users/itoekimura/.m2/repository/jakarta/activation/jakarta.activation-api/1.2.2/jakarta.activation-api-1.2.2.jar:/Users/itoekimura/.m2/repository/org/assertj/assertj-core/3.22.0/assertj-core-3.22.0.jar:/Users/itoekimura/.m2/repository/org/hamcrest/hamcrest/2.2/hamcrest-2.2.jar:/Users/itoekimura/.m2/repository/org/junit/jupiter/junit-jupiter/5.8.2/junit-jupiter-5.8.2.jar:/Users/itoekimura/.m2/repository/org/junit/jupiter/junit-jupiter-api/5.8.2/junit-jupiter-api-5.8.2.jar:/Users/itoekimura/.m2/repository/org/junit/jupiter/junit-jupiter-params/5.8.2/junit-jupiter-params-5.8.2.jar:/Users/itoekimura/.m2/repository/org/junit/jupiter/junit-jupiter-engine/5.8.2/junit-jupiter-engine-5.8.2.jar:/Users/itoekimura/.m2/repository/org/mockito/mockito-junit-jupiter/4.5.1/mockito-junit-jupiter-4.5.1.jar:/Users/itoekimura/.m2/repository/org/skyscreamer/jsonassert/1.5.1/jsonassert-1.5.1.jar:/Users/itoekimura/.m2/repository/org/springframework/spring-core/5.3.23/spring-core-5.3.23.jar:/Users/itoekimura/.m2/repository/org/springframework/spring-jcl/5.3.23/spring-jcl-5.3.23.jar:/Users/itoekimura/.m2/repository/org/springframework/spring-test/5.3.23/spring-test-5.3.23.jar:/Users/itoekimura/.m2/repository/org/xmlunit/xmlunit-core/2.9.0/xmlunit-core-2.9.0.jar:/Users/itoekimura/.m2/repository/com/vaadin/vaadin-testbench/23.3.2/vaadin-testbench-23.3.2.jar:/Users/itoekimura/.m2/repository/com/vaadin/vaadin-testbench-core/8.2.0/vaadin-testbench-core-8.2.0.jar:/Users/itoekimura/.m2/repository/commons-codec/commons-codec/1.15/commons-codec-1.15.jar:/Users/itoekimura/.m2/repository/org/seleniumhq/selenium/selenium-remote-driver/4.5.3/selenium-remote-driver-4.5.3.jar:/Users/itoekimura/.m2/repository/com/beust/jcommander/1.82/jcommander-1.82.jar:/Users/itoekimura/.m2/repository/com/google/auto/service/auto-service-annotations/1.0.1/auto-service-annotations-1.0.1.jar:/Users/itoekimura/.m2/repository/com/google/auto/service/auto-service/1.0.1/auto-service-1.0.1.jar:/Users/itoekimura/.m2/repository/com/google/auto/auto-common/1.2/auto-common-1.2.jar:/Users/itoekimura/.m2/repository/io/netty/netty-buffer/4.1.84.Final/netty-buffer-4.1.84.Final.jar:/Users/itoekimura/.m2/repository/io/netty/netty-codec-http/4.1.84.Final/netty-codec-http-4.1.84.Final.jar:/Users/itoekimura/.m2/repository/io/netty/netty-codec/4.1.84.Final/netty-codec-4.1.84.Final.jar:/Users/itoekimura/.m2/repository/io/netty/netty-handler/4.1.84.Final/netty-handler-4.1.84.Final.jar:/Users/itoekimura/.m2/repository/io/netty/netty-common/4.1.84.Final/netty-common-4.1.84.Final.jar:/Users/itoekimura/.m2/repository/io/netty/netty-transport-classes-epoll/4.1.84.Final/netty-transport-classes-epoll-4.1.84.Final.jar:/Users/itoekimura/.m2/repository/io/netty/netty-transport-classes-kqueue/4.1.84.Final/netty-transport-classes-kqueue-4.1.84.Final.jar:/Users/itoekimura/.m2/repository/io/netty/netty-transport-native-epoll/4.1.84.Final/netty-transport-native-epoll-4.1.84.Final.jar:/Users/itoekimura/.m2/repository/io/netty/netty-transport-native-kqueue/4.1.84.Final/netty-transport-native-kqueue-4.1.84.Final.jar:/Users/itoekimura/.m2/repository/io/netty/netty-transport-native-unix-common/4.1.84.Final/netty-transport-native-unix-common-4.1.84.Final.jar:/Users/itoekimura/.m2/repository/io/netty/netty-transport/4.1.84.Final/netty-transport-4.1.84.Final.jar:/Users/itoekimura/.m2/repository/io/netty/netty-resolver/4.1.84.Final/netty-resolver-4.1.84.Final.jar:/Users/itoekimura/.m2/repository/io/opentelemetry/opentelemetry-api/1.19.0/opentelemetry-api-1.19.0.jar:/Users/itoekimura/.m2/repository/io/opentelemetry/opentelemetry-context/1.19.0/opentelemetry-context-1.19.0.jar:/Users/itoekimura/.m2/repository/io/opentelemetry/opentelemetry-exporter-logging/1.19.0/opentelemetry-exporter-logging-1.19.0.jar:/Users/itoekimura/.m2/repository/io/opentelemetry/opentelemetry-sdk-metrics/1.19.0/opentelemetry-sdk-metrics-1.19.0.jar:/Users/itoekimura/.m2/repository/io/opentelemetry/opentelemetry-sdk-logs/1.19.0-alpha/opentelemetry-sdk-logs-1.19.0-alpha.jar:/Users/itoekimura/.m2/repository/io/opentelemetry/opentelemetry-api-logs/1.19.0-alpha/opentelemetry-api-logs-1.19.0-alpha.jar:/Users/itoekimura/.m2/repository/io/opentelemetry/opentelemetry-sdk-common/1.19.0/opentelemetry-sdk-common-1.19.0.jar:/Users/itoekimura/.m2/repository/io/opentelemetry/opentelemetry-sdk-extension-autoconfigure-spi/1.19.0/opentelemetry-sdk-extension-autoconfigure-spi-1.19.0.jar:/Users/itoekimura/.m2/repository/io/opentelemetry/opentelemetry-sdk-extension-autoconfigure/1.19.0-alpha/opentelemetry-sdk-extension-autoconfigure-1.19.0-alpha.jar:/Users/itoekimura/.m2/repository/io/opentelemetry/opentelemetry-exporter-common/1.19.0/opentelemetry-exporter-common-1.19.0.jar:/Users/itoekimura/.m2/repository/io/opentelemetry/opentelemetry-sdk-trace/1.19.0/opentelemetry-sdk-trace-1.19.0.jar:/Users/itoekimura/.m2/repository/io/opentelemetry/opentelemetry-sdk/1.19.0/opentelemetry-sdk-1.19.0.jar:/Users/itoekimura/.m2/repository/io/opentelemetry/opentelemetry-semconv/1.19.0-alpha/opentelemetry-semconv-1.19.0-alpha.jar:/Users/itoekimura/.m2/repository/io/ous/jtoml/2.0.0/jtoml-2.0.0.jar:/Users/itoekimura/.m2/repository/org/apache/commons/commons-exec/1.3/commons-exec-1.3.jar:/Users/itoekimura/.m2/repository/org/asynchttpclient/async-http-client/2.12.3/async-http-client-2.12.3.jar:/Users/itoekimura/.m2/repository/org/asynchttpclient/async-http-client-netty-utils/2.12.3/async-http-client-netty-utils-2.12.3.jar:/Users/itoekimura/.m2/repository/io/netty/netty-codec-socks/4.1.84.Final/netty-codec-socks-4.1.84.Final.jar:/Users/itoekimura/.m2/repository/io/netty/netty-handler-proxy/4.1.84.Final/netty-handler-proxy-4.1.84.Final.jar:/Users/itoekimura/.m2/repository/io/netty/netty-transport-native-epoll/4.1.84.Final/netty-transport-native-epoll-4.1.84.Final-linux-x86_64.jar:/Users/itoekimura/.m2/repository/io/netty/netty-transport-native-kqueue/4.1.84.Final/netty-transport-native-kqueue-4.1.84.Final-osx-x86_64.jar:/Users/itoekimura/.m2/repository/com/typesafe/netty/netty-reactive-streams/2.0.4/netty-reactive-streams-2.0.4.jar:/Users/itoekimura/.m2/repository/com/sun/activation/jakarta.activation/1.2.2/jakarta.activation-1.2.2.jar:/Users/itoekimura/.m2/repository/org/seleniumhq/selenium/selenium-api/4.5.3/selenium-api-4.5.3.jar:/Users/itoekimura/.m2/repository/org/seleniumhq/selenium/selenium-http/4.5.3/selenium-http-4.5.3.jar:/Users/itoekimura/.m2/repository/dev/failsafe/failsafe/3.3.0/failsafe-3.3.0.jar:/Users/itoekimura/.m2/repository/org/seleniumhq/selenium/selenium-json/4.5.3/selenium-json-4.5.3.jar:/Users/itoekimura/.m2/repository/org/seleniumhq/selenium/selenium-java/4.5.3/selenium-java-4.5.3.jar:/Users/itoekimura/.m2/repository/org/seleniumhq/selenium/selenium-chrome-driver/4.5.3/selenium-chrome-driver-4.5.3.jar:/Users/itoekimura/.m2/repository/org/seleniumhq/selenium/selenium-chromium-driver/4.5.3/selenium-chromium-driver-4.5.3.jar:/Users/itoekimura/.m2/repository/org/seleniumhq/selenium/selenium-devtools-v104/4.5.3/selenium-devtools-v104-4.5.3.jar:/Users/itoekimura/.m2/repository/org/seleniumhq/selenium/selenium-devtools-v105/4.5.3/selenium-devtools-v105-4.5.3.jar:/Users/itoekimura/.m2/repository/org/seleniumhq/selenium/selenium-devtools-v106/4.5.3/selenium-devtools-v106-4.5.3.jar:/Users/itoekimura/.m2/repository/org/seleniumhq/selenium/selenium-devtools-v85/4.5.3/selenium-devtools-v85-4.5.3.jar:/Users/itoekimura/.m2/repository/org/seleniumhq/selenium/selenium-edge-driver/4.5.3/selenium-edge-driver-4.5.3.jar:/Users/itoekimura/.m2/repository/org/seleniumhq/selenium/selenium-firefox-driver/4.5.3/selenium-firefox-driver-4.5.3.jar:/Users/itoekimura/.m2/repository/org/seleniumhq/selenium/selenium-ie-driver/4.5.3/selenium-ie-driver-4.5.3.jar:/Users/itoekimura/.m2/repository/org/seleniumhq/selenium/selenium-safari-driver/4.5.3/selenium-safari-driver-4.5.3.jar:/Users/itoekimura/.m2/repository/org/seleniumhq/selenium/selenium-support/4.5.3/selenium-support-4.5.3.jar:/Users/itoekimura/.m2/repository/org/javassist/javassist/3.28.0-GA/javassist-3.28.0-GA.jar:/Users/itoekimura/.m2/repository/com/vaadin/external/gwt/gwt-elemental/2.8.2.vaadin2/gwt-elemental-2.8.2.vaadin2.jar:/Users/itoekimura/.m2/repository/com/vaadin/vaadin-testbench-unit/8.2.0/vaadin-testbench-unit-8.2.0.jar:/Users/itoekimura/.m2/repository/org/jetbrains/kotlin/kotlin-stdlib-jdk8/1.6.21/kotlin-stdlib-jdk8-1.6.21.jar:/Users/itoekimura/.m2/repository/org/jetbrains/kotlin/kotlin-stdlib/1.6.21/kotlin-stdlib-1.6.21.jar:/Users/itoekimura/.m2/repository/org/jetbrains/kotlin/kotlin-stdlib-common/1.6.21/kotlin-stdlib-common-1.6.21.jar:/Users/itoekimura/.m2/repository/org/jetbrains/annotations/13.0/annotations-13.0.jar:/Users/itoekimura/.m2/repository/org/jetbrains/kotlin/kotlin-stdlib-jdk7/1.6.21/kotlin-stdlib-jdk7-1.6.21.jar:/Users/itoekimura/.m2/repository/org/jetbrains/kotlin/kotlin-reflect/1.6.21/kotlin-reflect-1.6.21.jar:/Users/itoekimura/.m2/repository/io/github/classgraph/classgraph/4.8.146/classgraph-4.8.146.jar:/Users/itoekimura/.m2/repository/javax/servlet/javax.servlet-api/4.0.1/javax.servlet-api-4.0.1.jar:/Users/itoekimura/.m2/repository/com/vaadin/flow-html-components-testbench/23.3.2/flow-html-components-testbench-23.3.2.jar:/Users/itoekimura/.m2/repository/com/vaadin/vaadin-accordion-testbench/23.3.2/vaadin-accordion-testbench-23.3.2.jar:/Users/itoekimura/.m2/repository/com/vaadin/vaadin-app-layout-testbench/23.3.2/vaadin-app-layout-testbench-23.3.2.jar:/Users/itoekimura/.m2/repository/com/vaadin/vaadin-avatar-testbench/23.3.2/vaadin-avatar-testbench-23.3.2.jar:/Users/itoekimura/.m2/repository/com/vaadin/vaadin-board-testbench/23.3.2/vaadin-board-testbench-23.3.2.jar:/Users/itoekimura/.m2/repository/com/vaadin/vaadin-button-testbench/23.3.2/vaadin-button-testbench-23.3.2.jar:/Users/itoekimura/.m2/repository/com/vaadin/vaadin-charts-testbench/23.3.2/vaadin-charts-testbench-23.3.2.jar:/Users/itoekimura/.m2/repository/com/vaadin/vaadin-checkbox-testbench/23.3.2/vaadin-checkbox-testbench-23.3.2.jar:/Users/itoekimura/.m2/repository/com/vaadin/vaadin-combo-box-testbench/23.3.2/vaadin-combo-box-testbench-23.3.2.jar:/Users/itoekimura/.m2/repository/com/vaadin/vaadin-confirm-dialog-testbench/23.3.2/vaadin-confirm-dialog-testbench-23.3.2.jar:/Users/itoekimura/.m2/repository/com/vaadin/vaadin-context-menu-testbench/23.3.2/vaadin-context-menu-testbench-23.3.2.jar:/Users/itoekimura/.m2/repository/com/vaadin/vaadin-cookie-consent-testbench/23.3.2/vaadin-cookie-consent-testbench-23.3.2.jar:/Users/itoekimura/.m2/repository/com/vaadin/vaadin-cookie-consent-flow/23.3.2/vaadin-cookie-consent-flow-23.3.2.jar:/Users/itoekimura/.m2/repository/com/vaadin/vaadin-crud-testbench/23.3.2/vaadin-crud-testbench-23.3.2.jar:/Users/itoekimura/.m2/repository/com/vaadin/vaadin-custom-field-testbench/23.3.2/vaadin-custom-field-testbench-23.3.2.jar:/Users/itoekimura/.m2/repository/com/vaadin/vaadin-date-picker-testbench/23.3.2/vaadin-date-picker-testbench-23.3.2.jar:/Users/itoekimura/.m2/repository/com/vaadin/vaadin-date-time-picker-testbench/23.3.2/vaadin-date-time-picker-testbench-23.3.2.jar:/Users/itoekimura/.m2/repository/com/vaadin/vaadin-details-testbench/23.3.2/vaadin-details-testbench-23.3.2.jar:/Users/itoekimura/.m2/repository/com/vaadin/vaadin-dialog-testbench/23.3.2/vaadin-dialog-testbench-23.3.2.jar:/Users/itoekimura/.m2/repository/com/vaadin/vaadin-form-layout-testbench/23.3.2/vaadin-form-layout-testbench-23.3.2.jar:/Users/itoekimura/.m2/repository/com/vaadin/vaadin-grid-testbench/23.3.2/vaadin-grid-testbench-23.3.2.jar:/Users/itoekimura/.m2/repository/com/vaadin/vaadin-grid-pro-testbench/23.3.2/vaadin-grid-pro-testbench-23.3.2.jar:/Users/itoekimura/.m2/repository/com/vaadin/vaadin-icons-testbench/23.3.2/vaadin-icons-testbench-23.3.2.jar:/Users/itoekimura/.m2/repository/com/vaadin/vaadin-iron-list-testbench/23.3.2/vaadin-iron-list-testbench-23.3.2.jar:/Users/itoekimura/.m2/repository/com/vaadin/vaadin-virtual-list-testbench/23.3.2/vaadin-virtual-list-testbench-23.3.2.jar:/Users/itoekimura/.m2/repository/com/vaadin/vaadin-list-box-testbench/23.3.2/vaadin-list-box-testbench-23.3.2.jar:/Users/itoekimura/.m2/repository/com/vaadin/vaadin-login-testbench/23.3.2/vaadin-login-testbench-23.3.2.jar:/Users/itoekimura/.m2/repository/com/vaadin/vaadin-menu-bar-testbench/23.3.2/vaadin-menu-bar-testbench-23.3.2.jar:/Users/itoekimura/.m2/repository/com/vaadin/vaadin-messages-testbench/23.3.2/vaadin-messages-testbench-23.3.2.jar:/Users/itoekimura/.m2/repository/com/vaadin/vaadin-notification-testbench/23.3.2/vaadin-notification-testbench-23.3.2.jar:/Users/itoekimura/.m2/repository/com/vaadin/vaadin-ordered-layout-testbench/23.3.2/vaadin-ordered-layout-testbench-23.3.2.jar:/Users/itoekimura/.m2/repository/com/vaadin/vaadin-progress-bar-testbench/23.3.2/vaadin-progress-bar-testbench-23.3.2.jar:/Users/itoekimura/.m2/repository/com/vaadin/vaadin-radio-button-testbench/23.3.2/vaadin-radio-button-testbench-23.3.2.jar:/Users/itoekimura/.m2/repository/com/vaadin/vaadin-rich-text-editor-testbench/23.3.2/vaadin-rich-text-editor-testbench-23.3.2.jar:/Users/itoekimura/.m2/repository/com/vaadin/vaadin-select-testbench/23.3.2/vaadin-select-testbench-23.3.2.jar:/Users/itoekimura/.m2/repository/com/vaadin/vaadin-split-layout-testbench/23.3.2/vaadin-split-layout-testbench-23.3.2.jar:/Users/itoekimura/.m2/repository/com/vaadin/vaadin-tabs-testbench/23.3.2/vaadin-tabs-testbench-23.3.2.jar:/Users/itoekimura/.m2/repository/com/vaadin/vaadin-text-field-testbench/23.3.2/vaadin-text-field-testbench-23.3.2.jar:/Users/itoekimura/.m2/repository/com/vaadin/vaadin-time-picker-testbench/23.3.2/vaadin-time-picker-testbench-23.3.2.jar:/Users/itoekimura/.m2/repository/com/vaadin/vaadin-upload-testbench/23.3.2/vaadin-upload-testbench-23.3.2.jar:/Users/itoekimura/.m2/repository/org/junit/vintage/junit-vintage-engine/5.8.2/junit-vintage-engine-5.8.2.jar:/Users/itoekimura/.m2/repository/org/junit/platform/junit-platform-engine/1.8.2/junit-platform-engine-1.8.2.jar:/Users/itoekimura/.m2/repository/org/opentest4j/opentest4j/1.2.0/opentest4j-1.2.0.jar:/Users/itoekimura/.m2/repository/org/junit/platform/junit-platform-commons/1.8.2/junit-platform-commons-1.8.2.jar:/Users/itoekimura/.m2/repository/junit/junit/4.13.2/junit-4.13.2.jar:/Users/itoekimura/.m2/repository/org/apiguardian/apiguardian-api/1.1.2/apiguardian-api-1.1.2.jar:/Users/itoekimura/.m2/repository/io/github/bonigarcia/webdrivermanager/5.1.1/webdrivermanager-5.1.1.jar:/Users/itoekimura/.m2/repository/org/slf4j/slf4j-api/1.7.36/slf4j-api-1.7.36.jar:/Users/itoekimura/.m2/repository/com/google/code/gson/gson/2.9.1/gson-2.9.1.jar:/Users/itoekimura/.m2/repository/com/github/docker-java/docker-java/3.2.13/docker-java-3.2.13.jar:/Users/itoekimura/.m2/repository/com/github/docker-java/docker-java-core/3.2.13/docker-java-core-3.2.13.jar:/Users/itoekimura/.m2/repository/com/github/docker-java/docker-java-api/3.2.13/docker-java-api-3.2.13.jar:/Users/itoekimura/.m2/repository/org/bouncycastle/bcpkix-jdk15on/1.64/bcpkix-jdk15on-1.64.jar:/Users/itoekimura/.m2/repository/org/bouncycastle/bcprov-jdk15on/1.64/bcprov-jdk15on-1.64.jar:/Users/itoekimura/.m2/repository/org/slf4j/jcl-over-slf4j/1.7.36/jcl-over-slf4j-1.7.36.jar:/Users/itoekimura/.m2/repository/com/github/docker-java/docker-java-transport-httpclient5/3.2.13/docker-java-transport-httpclient5-3.2.13.jar:/Users/itoekimura/.m2/repository/com/github/docker-java/docker-java-transport/3.2.13/docker-java-transport-3.2.13.jar:/Users/itoekimura/.m2/repository/net/java/dev/jna/jna/5.11.0/jna-5.11.0.jar:/Users/itoekimura/.m2/repository/org/brotli/dec/0.1.2/dec-0.1.2.jar:/Users/itoekimura/.m2/repository/org/apache/commons/commons-lang3/3.12.0/commons-lang3-3.12.0.jar:/Users/itoekimura/.m2/repository/org/apache/httpcomponents/client5/httpclient5/5.1.3/httpclient5-5.1.3.jar:/Users/itoekimura/.m2/repository/org/apache/httpcomponents/core5/httpcore5/5.1.4/httpcore5-5.1.4.jar:/Users/itoekimura/.m2/repository/org/apache/httpcomponents/core5/httpcore5-h2/5.1.4/httpcore5-h2-5.1.4.jar:/Users/itoekimura/.m2/repository/com/fasterxml/jackson/datatype/jackson-datatype-jsr310/2.14.0/jackson-datatype-jsr310-2.14.0.jar:/Users/itoekimura/.m2/repository/com/fasterxml/jackson/core/jackson-annotations/2.13.4/jackson-annotations-2.13.4.jar:/Users/itoekimura/.m2/repository/com/fasterxml/jackson/core/jackson-core/2.13.4/jackson-core-2.13.4.jar:/Users/itoekimura/.m2/repository/com/fasterxml/jackson/core/jackson-databind/2.13.4.2/jackson-databind-2.13.4.2.jar:/Users/itoekimura/.m2/repository/com/fasterxml/jackson/dataformat/jackson-dataformat-xml/2.14.0/jackson-dataformat-xml-2.14.0.jar:/Users/itoekimura/.m2/repository/org/codehaus/woodstox/stax2-api/4.2.1/stax2-api-4.2.1.jar:/Users/itoekimura/.m2/repository/com/fasterxml/woodstox/woodstox-core/6.4.0/woodstox-core-6.4.0.jar:/Users/itoekimura/.m2/repository/org/projectlombok/lombok/1.18.24/lombok-1.18.24.jar:/Users/itoekimura/.m2/repository/org/mockito/mockito-core/4.11.0/mockito-core-4.11.0.jar:/Users/itoekimura/.m2/repository/net/bytebuddy/byte-buddy/1.12.18/byte-buddy-1.12.18.jar:/Users/itoekimura/.m2/repository/net/bytebuddy/byte-buddy-agent/1.12.18/byte-buddy-agent-1.12.18.jar:/Users/itoekimura/.m2/repository/org/objenesis/objenesis/3.3/objenesis-3.3.jar:"/>
    <property name="java.vm.vendor" value="Homebrew"/>
    <property name="sun.arch.data.model" value="64"/>
    <property name="java.vendor.url" value="https://github.com/Homebrew/homebrew-core/issues"/>
    <property name="os.name" value="Mac OS X"/>
    <property name="java.vm.specification.version" value="19"/>
    <property name="sun.java.launcher" value="SUN_STANDARD"/>
    <property name="user.country" value="GB"/>
    <property name="sun.boot.library.path" value="/opt/homebrew/Cellar/openjdk/19.0.1/libexec/openjdk.jdk/Contents/Home/lib"/>
    <property name="sun.java.command" value="/Users/itoekimura/Code/BIRDNEST/hilla/birdnest/target/surefire/surefirebooter10987864263567834728.jar /Users/itoekimura/Code/BIRDNEST/hilla/birdnest/target/surefire 2023-01-13T16-36-09_430-jvmRun1 surefire10645526048020496138tmp surefire_04228034565803811294tmp"/>
    <property name="http.nonProxyHosts" value="local|*.local|169.254/16|*.169.254/16"/>
    <property name="jdk.debug" value="release"/>
    <property name="surefire.test.class.path" value="/Users/itoekimura/Code/BIRDNEST/hilla/birdnest/target/test-classes:/Users/itoekimura/Code/BIRDNEST/hilla/birdnest/target/classes:/Users/itoekimura/.m2/repository/dev/hilla/hilla-react/1.3.2/hilla-react-1.3.2.jar:/Users/itoekimura/.m2/repository/dev/hilla/endpoint/1.3.2/endpoint-1.3.2.jar:/Users/itoekimura/.m2/repository/com/vaadin/flow-server/23.3.2/flow-server-23.3.2.jar:/Users/itoekimura/.m2/repository/com/vaadin/servletdetector/throw-if-servlet5/1.0.2/throw-if-servlet5-1.0.2.jar:/Users/itoekimura/.m2/repository/commons-fileupload/commons-fileupload/1.4/commons-fileupload-1.4.jar:/Users/itoekimura/.m2/repository/org/jsoup/jsoup/1.15.3/jsoup-1.15.3.jar:/Users/itoekimura/.m2/repository/com/helger/ph-css/6.5.0/ph-css-6.5.0.jar:/Users/itoekimura/.m2/repository/com/helger/commons/ph-commons/10.1.6/ph-commons-10.1.6.jar:/Users/itoekimura/.m2/repository/com/vaadin/external/gentyref/1.2.0.vaadin1/gentyref-1.2.0.vaadin1.jar:/Users/itoekimura/.m2/repository/org/apache/commons/commons-compress/1.22/commons-compress-1.22.jar:/Users/itoekimura/.m2/repository/org/apache/httpcomponents/httpclient/4.5.13/httpclient-4.5.13.jar:/Users/itoekimura/.m2/repository/org/apache/httpcomponents/httpcore/4.4.15/httpcore-4.4.15.jar:/Users/itoekimura/.m2/repository/commons-io/commons-io/2.11.0/commons-io-2.11.0.jar:/Users/itoekimura/.m2/repository/javax/validation/validation-api/2.0.1.Final/validation-api-2.0.1.Final.jar:/Users/itoekimura/.m2/repository/org/springframework/data/spring-data-commons/2.7.5/spring-data-commons-2.7.5.jar:/Users/itoekimura/.m2/repository/org/springframework/spring-beans/5.3.23/spring-beans-5.3.23.jar:/Users/itoekimura/.m2/repository/org/springframework/spring-websocket/5.3.23/spring-websocket-5.3.23.jar:/Users/itoekimura/.m2/repository/io/projectreactor/reactor-core/3.4.24/reactor-core-3.4.24.jar:/Users/itoekimura/.m2/repository/org/reactivestreams/reactive-streams/1.0.4/reactive-streams-1.0.4.jar:/Users/itoekimura/.m2/repository/com/vaadin/external/atmosphere/atmosphere-runtime/2.7.3.slf4jvaadin4/atmosphere-runtime-2.7.3.slf4jvaadin4.jar:/Users/itoekimura/.m2/repository/com/vaadin/external/google/android-json/0.0.20131108.vaadin1/android-json-0.0.20131108.vaadin1.jar:/Users/itoekimura/.m2/repository/com/fasterxml/jackson/dataformat/jackson-dataformat-yaml/2.13.4/jackson-dataformat-yaml-2.13.4.jar:/Users/itoekimura/.m2/repository/org/slf4j/slf4j-ext/1.7.36/slf4j-ext-1.7.36.jar:/Users/itoekimura/.m2/repository/javax/annotation/javax.annotation-api/1.3.2/javax.annotation-api-1.3.2.jar:/Users/itoekimura/.m2/repository/org/springframework/security/spring-security-core/5.7.4/spring-security-core-5.7.4.jar:/Users/itoekimura/.m2/repository/org/springframework/security/spring-security-crypto/5.7.4/spring-security-crypto-5.7.4.jar:/Users/itoekimura/.m2/repository/org/springframework/spring-aop/5.3.23/spring-aop-5.3.23.jar:/Users/itoekimura/.m2/repository/org/springframework/spring-expression/5.3.23/spring-expression-5.3.23.jar:/Users/itoekimura/.m2/repository/com/github/javaparser/javaparser-symbol-solver-core/3.24.2/javaparser-symbol-solver-core-3.24.2.jar:/Users/itoekimura/.m2/repository/com/github/javaparser/javaparser-core/3.24.2/javaparser-core-3.24.2.jar:/Users/itoekimura/.m2/repository/com/google/guava/guava/31.1-jre/guava-31.1-jre.jar:/Users/itoekimura/.m2/repository/com/google/guava/failureaccess/1.0.1/failureaccess-1.0.1.jar:/Users/itoekimura/.m2/repository/com/google/guava/listenablefuture/9999.0-empty-to-avoid-conflict-with-guava/listenablefuture-9999.0-empty-to-avoid-conflict-with-guava.jar:/Users/itoekimura/.m2/repository/org/checkerframework/checker-qual/3.12.0/checker-qual-3.12.0.jar:/Users/itoekimura/.m2/repository/com/google/errorprone/error_prone_annotations/2.11.0/error_prone_annotations-2.11.0.jar:/Users/itoekimura/.m2/repository/com/google/j2objc/j2objc-annotations/1.3/j2objc-annotations-1.3.jar:/Users/itoekimura/.m2/repository/io/swagger/codegen/v3/swagger-codegen/3.0.20/swagger-codegen-3.0.20.jar:/Users/itoekimura/.m2/repository/io/swagger/swagger-parser/1.0.51/swagger-parser-1.0.51.jar:/Users/itoekimura/.m2/repository/io/swagger/swagger-core/1.6.1/swagger-core-1.6.1.jar:/Users/itoekimura/.m2/repository/io/swagger/swagger-models/1.6.1/swagger-models-1.6.1.jar:/Users/itoekimura/.m2/repository/io/swagger/swagger-annotations/1.6.1/swagger-annotations-1.6.1.jar:/Users/itoekimura/.m2/repository/io/swagger/parser/v3/swagger-parser/2.0.20/swagger-parser-2.0.20.jar:/Users/itoekimura/.m2/repository/io/swagger/parser/v3/swagger-parser-v2-converter/2.0.20/swagger-parser-v2-converter-2.0.20.jar:/Users/itoekimura/.m2/repository/io/swagger/core/v3/swagger-models/2.1.2/swagger-models-2.1.2.jar:/Users/itoekimura/.m2/repository/io/swagger/parser/v3/swagger-parser-core/2.0.20/swagger-parser-core-2.0.20.jar:/Users/itoekimura/.m2/repository/io/swagger/parser/v3/swagger-parser-v3/2.0.20/swagger-parser-v3-2.0.20.jar:/Users/itoekimura/.m2/repository/io/swagger/core/v3/swagger-core/2.1.2/swagger-core-2.1.2.jar:/Users/itoekimura/.m2/repository/io/swagger/core/v3/swagger-annotations/2.1.2/swagger-annotations-2.1.2.jar:/Users/itoekimura/.m2/repository/io/swagger/swagger-codegen/2.4.14/swagger-codegen-2.4.14.jar:/Users/itoekimura/.m2/repository/io/swagger/swagger-compat-spec-parser/1.0.51/swagger-compat-spec-parser-1.0.51.jar:/Users/itoekimura/.m2/repository/com/github/java-json-tools/json-schema-validator/2.2.8/json-schema-validator-2.2.8.jar:/Users/itoekimura/.m2/repository/com/github/java-json-tools/json-schema-core/1.2.8/json-schema-core-1.2.8.jar:/Users/itoekimura/.m2/repository/org/mozilla/rhino/1.7R4/rhino-1.7R4.jar:/Users/itoekimura/.m2/repository/com/github/fge/uri-template/0.9/uri-template-0.9.jar:/Users/itoekimura/.m2/repository/joda-time/joda-time/2.9.7/joda-time-2.9.7.jar:/Users/itoekimura/.m2/repository/com/googlecode/libphonenumber/libphonenumber/8.0.0/libphonenumber-8.0.0.jar:/Users/itoekimura/.m2/repository/net/sf/jopt-simple/jopt-simple/5.0.3/jopt-simple-5.0.3.jar:/Users/itoekimura/.m2/repository/com/github/fge/json-patch/1.6/json-patch-1.6.jar:/Users/itoekimura/.m2/repository/com/github/fge/jackson-coreutils/1.6/jackson-coreutils-1.6.jar:/Users/itoekimura/.m2/repository/com/github/fge/msg-simple/1.1/msg-simple-1.1.jar:/Users/itoekimura/.m2/repository/com/github/fge/btf/1.2/btf-1.2.jar:/Users/itoekimura/.m2/repository/com/samskivert/jmustache/1.15/jmustache-1.15.jar:/Users/itoekimura/.m2/repository/commons-cli/commons-cli/1.2/commons-cli-1.2.jar:/Users/itoekimura/.m2/repository/com/github/jknack/handlebars/4.1.2/handlebars-4.1.2.jar:/Users/itoekimura/.m2/repository/com/atlassian/commonmark/commonmark/0.9.0/commonmark-0.9.0.jar:/Users/itoekimura/.m2/repository/io/swagger/codegen/v3/swagger-codegen-generators/1.0.20/swagger-codegen-generators-1.0.20.jar:/Users/itoekimura/.m2/repository/dev/hilla/engine-runtime/1.3.2/engine-runtime-1.3.2.jar:/Users/itoekimura/.m2/repository/com/google/code/findbugs/jsr305/3.0.2/jsr305-3.0.2.jar:/Users/itoekimura/.m2/repository/com/vaadin/vaadin-dev-server/23.3.2/vaadin-dev-server-23.3.2.jar:/Users/itoekimura/.m2/repository/com/vaadin/license-checker/1.11.2/license-checker-1.11.2.jar:/Users/itoekimura/.m2/repository/com/github/oshi/oshi-core/6.1.6/oshi-core-6.1.6.jar:/Users/itoekimura/.m2/repository/net/java/dev/jna/jna-platform/5.11.0/jna-platform-5.11.0.jar:/Users/itoekimura/.m2/repository/com/nimbusds/nimbus-jose-jwt/9.23/nimbus-jose-jwt-9.23.jar:/Users/itoekimura/.m2/repository/org/lucee/jcip-annotations/1.0.0/jcip-annotations-1.0.0.jar:/Users/itoekimura/.m2/repository/com/vaadin/open/8.4.0.3/open-8.4.0.3.jar:/Users/itoekimura/.m2/repository/com/vaadin/flow-client/23.3.2/flow-client-23.3.2.jar:/Users/itoekimura/.m2/repository/com/vaadin/vaadin-lumo-theme/23.3.2/vaadin-lumo-theme-23.3.2.jar:/Users/itoekimura/.m2/repository/com/vaadin/vaadin-icons-flow/23.3.2/vaadin-icons-flow-23.3.2.jar:/Users/itoekimura/.m2/repository/com/vaadin/vaadin-flow-components-base/23.3.2/vaadin-flow-components-base-23.3.2.jar:/Users/itoekimura/.m2/repository/com/vaadin/vaadin-material-theme/23.3.2/vaadin-material-theme-23.3.2.jar:/Users/itoekimura/.m2/repository/dev/hilla/hilla-spring-boot-starter/1.3.2/hilla-spring-boot-starter-1.3.2.jar:/Users/itoekimura/.m2/repository/com/vaadin/vaadin-spring/23.3.2/vaadin-spring-23.3.2.jar:/Users/itoekimura/.m2/repository/com/vaadin/flow-push/23.3.2/flow-push-23.3.2.jar:/Users/itoekimura/.m2/repository/org/springframework/spring-webmvc/5.3.23/spring-webmvc-5.3.23.jar:/Users/itoekimura/.m2/repository/dev/hilla/hilla/1.3.2/hilla-1.3.2.jar:/Users/itoekimura/.m2/repository/org/springframework/boot/spring-boot-starter-web/2.7.5/spring-boot-starter-web-2.7.5.jar:/Users/itoekimura/.m2/repository/org/springframework/boot/spring-boot-starter-json/2.7.5/spring-boot-starter-json-2.7.5.jar:/Users/itoekimura/.m2/repository/com/fasterxml/jackson/datatype/jackson-datatype-jdk8/2.13.4/jackson-datatype-jdk8-2.13.4.jar:/Users/itoekimura/.m2/repository/com/fasterxml/jackson/module/jackson-module-parameter-names/2.13.4/jackson-module-parameter-names-2.13.4.jar:/Users/itoekimura/.m2/repository/org/springframework/boot/spring-boot-starter-tomcat/2.7.5/spring-boot-starter-tomcat-2.7.5.jar:/Users/itoekimura/.m2/repository/org/apache/tomcat/embed/tomcat-embed-core/9.0.68/tomcat-embed-core-9.0.68.jar:/Users/itoekimura/.m2/repository/org/apache/tomcat/embed/tomcat-embed-websocket/9.0.68/tomcat-embed-websocket-9.0.68.jar:/Users/itoekimura/.m2/repository/org/springframework/spring-web/5.3.23/spring-web-5.3.23.jar:/Users/itoekimura/.m2/repository/org/springframework/boot/spring-boot-starter-validation/2.7.5/spring-boot-starter-validation-2.7.5.jar:/Users/itoekimura/.m2/repository/org/springframework/boot/spring-boot-starter/2.7.5/spring-boot-starter-2.7.5.jar:/Users/itoekimura/.m2/repository/org/springframework/boot/spring-boot-starter-logging/2.7.5/spring-boot-starter-logging-2.7.5.jar:/Users/itoekimura/.m2/repository/ch/qos/logback/logback-classic/1.2.11/logback-classic-1.2.11.jar:/Users/itoekimura/.m2/repository/ch/qos/logback/logback-core/1.2.11/logback-core-1.2.11.jar:/Users/itoekimura/.m2/repository/org/apache/logging/log4j/log4j-to-slf4j/2.17.2/log4j-to-slf4j-2.17.2.jar:/Users/itoekimura/.m2/repository/org/apache/logging/log4j/log4j-api/2.17.2/log4j-api-2.17.2.jar:/Users/itoekimura/.m2/repository/org/slf4j/jul-to-slf4j/1.7.36/jul-to-slf4j-1.7.36.jar:/Users/itoekimura/.m2/repository/jakarta/annotation/jakarta.annotation-api/1.3.5/jakarta.annotation-api-1.3.5.jar:/Users/itoekimura/.m2/repository/org/yaml/snakeyaml/1.30/snakeyaml-1.30.jar:/Users/itoekimura/.m2/repository/org/apache/tomcat/embed/tomcat-embed-el/9.0.68/tomcat-embed-el-9.0.68.jar:/Users/itoekimura/.m2/repository/org/hibernate/validator/hibernate-validator/6.2.5.Final/hibernate-validator-6.2.5.Final.jar:/Users/itoekimura/.m2/repository/jakarta/validation/jakarta.validation-api/2.0.2/jakarta.validation-api-2.0.2.jar:/Users/itoekimura/.m2/repository/org/jboss/logging/jboss-logging/3.4.3.Final/jboss-logging-3.4.3.Final.jar:/Users/itoekimura/.m2/repository/com/fasterxml/classmate/1.5.1/classmate-1.5.1.jar:/Users/itoekimura/.m2/repository/org/springframework/boot/spring-boot-devtools/2.7.5/spring-boot-devtools-2.7.5.jar:/Users/itoekimura/.m2/repository/org/springframework/boot/spring-boot/2.7.5/spring-boot-2.7.5.jar:/Users/itoekimura/.m2/repository/org/springframework/spring-context/5.3.23/spring-context-5.3.23.jar:/Users/itoekimura/.m2/repository/org/springframework/boot/spring-boot-autoconfigure/2.7.5/spring-boot-autoconfigure-2.7.5.jar:/Users/itoekimura/.m2/repository/org/springframework/boot/spring-boot-starter-test/2.7.5/spring-boot-starter-test-2.7.5.jar:/Users/itoekimura/.m2/repository/org/springframework/boot/spring-boot-test/2.7.5/spring-boot-test-2.7.5.jar:/Users/itoekimura/.m2/repository/org/springframework/boot/spring-boot-test-autoconfigure/2.7.5/spring-boot-test-autoconfigure-2.7.5.jar:/Users/itoekimura/.m2/repository/com/jayway/jsonpath/json-path/2.7.0/json-path-2.7.0.jar:/Users/itoekimura/.m2/repository/net/minidev/json-smart/2.4.8/json-smart-2.4.8.jar:/Users/itoekimura/.m2/repository/net/minidev/accessors-smart/2.4.8/accessors-smart-2.4.8.jar:/Users/itoekimura/.m2/repository/org/ow2/asm/asm/9.1/asm-9.1.jar:/Users/itoekimura/.m2/repository/jakarta/xml/bind/jakarta.xml.bind-api/2.3.3/jakarta.xml.bind-api-2.3.3.jar:/Users/itoekimura/.m2/repository/jakarta/activation/jakarta.activation-api/1.2.2/jakarta.activation-api-1.2.2.jar:/Users/itoekimura/.m2/repository/org/assertj/assertj-core/3.22.0/assertj-core-3.22.0.jar:/Users/itoekimura/.m2/repository/org/hamcrest/hamcrest/2.2/hamcrest-2.2.jar:/Users/itoekimura/.m2/repository/org/junit/jupiter/junit-jupiter/5.8.2/junit-jupiter-5.8.2.jar:/Users/itoekimura/.m2/repository/org/junit/jupiter/junit-jupiter-api/5.8.2/junit-jupiter-api-5.8.2.jar:/Users/itoekimura/.m2/repository/org/junit/jupiter/junit-jupiter-params/5.8.2/junit-jupiter-params-5.8.2.jar:/Users/itoekimura/.m2/repository/org/junit/jupiter/junit-jupiter-engine/5.8.2/junit-jupiter-engine-5.8.2.jar:/Users/itoekimura/.m2/repository/org/mockito/mockito-junit-jupiter/4.5.1/mockito-junit-jupiter-4.5.1.jar:/Users/itoekimura/.m2/repository/org/skyscreamer/jsonassert/1.5.1/jsonassert-1.5.1.jar:/Users/itoekimura/.m2/repository/org/springframework/spring-core/5.3.23/spring-core-5.3.23.jar:/Users/itoekimura/.m2/repository/org/springframework/spring-jcl/5.3.23/spring-jcl-5.3.23.jar:/Users/itoekimura/.m2/repository/org/springframework/spring-test/5.3.23/spring-test-5.3.23.jar:/Users/itoekimura/.m2/repository/org/xmlunit/xmlunit-core/2.9.0/xmlunit-core-2.9.0.jar:/Users/itoekimura/.m2/repository/com/vaadin/vaadin-testbench/23.3.2/vaadin-testbench-23.3.2.jar:/Users/itoekimura/.m2/repository/com/vaadin/vaadin-testbench-core/8.2.0/vaadin-testbench-core-8.2.0.jar:/Users/itoekimura/.m2/repository/commons-codec/commons-codec/1.15/commons-codec-1.15.jar:/Users/itoekimura/.m2/repository/org/seleniumhq/selenium/selenium-remote-driver/4.5.3/selenium-remote-driver-4.5.3.jar:/Users/itoekimura/.m2/repository/com/beust/jcommander/1.82/jcommander-1.82.jar:/Users/itoekimura/.m2/repository/com/google/auto/service/auto-service-annotations/1.0.1/auto-service-annotations-1.0.1.jar:/Users/itoekimura/.m2/repository/com/google/auto/service/auto-service/1.0.1/auto-service-1.0.1.jar:/Users/itoekimura/.m2/repository/com/google/auto/auto-common/1.2/auto-common-1.2.jar:/Users/itoekimura/.m2/repository/io/netty/netty-buffer/4.1.84.Final/netty-buffer-4.1.84.Final.jar:/Users/itoekimura/.m2/repository/io/netty/netty-codec-http/4.1.84.Final/netty-codec-http-4.1.84.Final.jar:/Users/itoekimura/.m2/repository/io/netty/netty-codec/4.1.84.Final/netty-codec-4.1.84.Final.jar:/Users/itoekimura/.m2/repository/io/netty/netty-handler/4.1.84.Final/netty-handler-4.1.84.Final.jar:/Users/itoekimura/.m2/repository/io/netty/netty-common/4.1.84.Final/netty-common-4.1.84.Final.jar:/Users/itoekimura/.m2/repository/io/netty/netty-transport-classes-epoll/4.1.84.Final/netty-transport-classes-epoll-4.1.84.Final.jar:/Users/itoekimura/.m2/repository/io/netty/netty-transport-classes-kqueue/4.1.84.Final/netty-transport-classes-kqueue-4.1.84.Final.jar:/Users/itoekimura/.m2/repository/io/netty/netty-transport-native-epoll/4.1.84.Final/netty-transport-native-epoll-4.1.84.Final.jar:/Users/itoekimura/.m2/repository/io/netty/netty-transport-native-kqueue/4.1.84.Final/netty-transport-native-kqueue-4.1.84.Final.jar:/Users/itoekimura/.m2/repository/io/netty/netty-transport-native-unix-common/4.1.84.Final/netty-transport-native-unix-common-4.1.84.Final.jar:/Users/itoekimura/.m2/repository/io/netty/netty-transport/4.1.84.Final/netty-transport-4.1.84.Final.jar:/Users/itoekimura/.m2/repository/io/netty/netty-resolver/4.1.84.Final/netty-resolver-4.1.84.Final.jar:/Users/itoekimura/.m2/repository/io/opentelemetry/opentelemetry-api/1.19.0/opentelemetry-api-1.19.0.jar:/Users/itoekimura/.m2/repository/io/opentelemetry/opentelemetry-context/1.19.0/opentelemetry-context-1.19.0.jar:/Users/itoekimura/.m2/repository/io/opentelemetry/opentelemetry-exporter-logging/1.19.0/opentelemetry-exporter-logging-1.19.0.jar:/Users/itoekimura/.m2/repository/io/opentelemetry/opentelemetry-sdk-metrics/1.19.0/opentelemetry-sdk-metrics-1.19.0.jar:/Users/itoekimura/.m2/repository/io/opentelemetry/opentelemetry-sdk-logs/1.19.0-alpha/opentelemetry-sdk-logs-1.19.0-alpha.jar:/Users/itoekimura/.m2/repository/io/opentelemetry/opentelemetry-api-logs/1.19.0-alpha/opentelemetry-api-logs-1.19.0-alpha.jar:/Users/itoekimura/.m2/repository/io/opentelemetry/opentelemetry-sdk-common/1.19.0/opentelemetry-sdk-common-1.19.0.jar:/Users/itoekimura/.m2/repository/io/opentelemetry/opentelemetry-sdk-extension-autoconfigure-spi/1.19.0/opentelemetry-sdk-extension-autoconfigure-spi-1.19.0.jar:/Users/itoekimura/.m2/repository/io/opentelemetry/opentelemetry-sdk-extension-autoconfigure/1.19.0-alpha/opentelemetry-sdk-extension-autoconfigure-1.19.0-alpha.jar:/Users/itoekimura/.m2/repository/io/opentelemetry/opentelemetry-exporter-common/1.19.0/opentelemetry-exporter-common-1.19.0.jar:/Users/itoekimura/.m2/repository/io/opentelemetry/opentelemetry-sdk-trace/1.19.0/opentelemetry-sdk-trace-1.19.0.jar:/Users/itoekimura/.m2/repository/io/opentelemetry/opentelemetry-sdk/1.19.0/opentelemetry-sdk-1.19.0.jar:/Users/itoekimura/.m2/repository/io/opentelemetry/opentelemetry-semconv/1.19.0-alpha/opentelemetry-semconv-1.19.0-alpha.jar:/Users/itoekimura/.m2/repository/io/ous/jtoml/2.0.0/jtoml-2.0.0.jar:/Users/itoekimura/.m2/repository/org/apache/commons/commons-exec/1.3/commons-exec-1.3.jar:/Users/itoekimura/.m2/repository/org/asynchttpclient/async-http-client/2.12.3/async-http-client-2.12.3.jar:/Users/itoekimura/.m2/repository/org/asynchttpclient/async-http-client-netty-utils/2.12.3/async-http-client-netty-utils-2.12.3.jar:/Users/itoekimura/.m2/repository/io/netty/netty-codec-socks/4.1.84.Final/netty-codec-socks-4.1.84.Final.jar:/Users/itoekimura/.m2/repository/io/netty/netty-handler-proxy/4.1.84.Final/netty-handler-proxy-4.1.84.Final.jar:/Users/itoekimura/.m2/repository/io/netty/netty-transport-native-epoll/4.1.84.Final/netty-transport-native-epoll-4.1.84.Final-linux-x86_64.jar:/Users/itoekimura/.m2/repository/io/netty/netty-transport-native-kqueue/4.1.84.Final/netty-transport-native-kqueue-4.1.84.Final-osx-x86_64.jar:/Users/itoekimura/.m2/repository/com/typesafe/netty/netty-reactive-streams/2.0.4/netty-reactive-streams-2.0.4.jar:/Users/itoekimura/.m2/repository/com/sun/activation/jakarta.activation/1.2.2/jakarta.activation-1.2.2.jar:/Users/itoekimura/.m2/repository/org/seleniumhq/selenium/selenium-api/4.5.3/selenium-api-4.5.3.jar:/Users/itoekimura/.m2/repository/org/seleniumhq/selenium/selenium-http/4.5.3/selenium-http-4.5.3.jar:/Users/itoekimura/.m2/repository/dev/failsafe/failsafe/3.3.0/failsafe-3.3.0.jar:/Users/itoekimura/.m2/repository/org/seleniumhq/selenium/selenium-json/4.5.3/selenium-json-4.5.3.jar:/Users/itoekimura/.m2/repository/org/seleniumhq/selenium/selenium-java/4.5.3/selenium-java-4.5.3.jar:/Users/itoekimura/.m2/repository/org/seleniumhq/selenium/selenium-chrome-driver/4.5.3/selenium-chrome-driver-4.5.3.jar:/Users/itoekimura/.m2/repository/org/seleniumhq/selenium/selenium-chromium-driver/4.5.3/selenium-chromium-driver-4.5.3.jar:/Users/itoekimura/.m2/repository/org/seleniumhq/selenium/selenium-devtools-v104/4.5.3/selenium-devtools-v104-4.5.3.jar:/Users/itoekimura/.m2/repository/org/seleniumhq/selenium/selenium-devtools-v105/4.5.3/selenium-devtools-v105-4.5.3.jar:/Users/itoekimura/.m2/repository/org/seleniumhq/selenium/selenium-devtools-v106/4.5.3/selenium-devtools-v106-4.5.3.jar:/Users/itoekimura/.m2/repository/org/seleniumhq/selenium/selenium-devtools-v85/4.5.3/selenium-devtools-v85-4.5.3.jar:/Users/itoekimura/.m2/repository/org/seleniumhq/selenium/selenium-edge-driver/4.5.3/selenium-edge-driver-4.5.3.jar:/Users/itoekimura/.m2/repository/org/seleniumhq/selenium/selenium-firefox-driver/4.5.3/selenium-firefox-driver-4.5.3.jar:/Users/itoekimura/.m2/repository/org/seleniumhq/selenium/selenium-ie-driver/4.5.3/selenium-ie-driver-4.5.3.jar:/Users/itoekimura/.m2/repository/org/seleniumhq/selenium/selenium-safari-driver/4.5.3/selenium-safari-driver-4.5.3.jar:/Users/itoekimura/.m2/repository/org/seleniumhq/selenium/selenium-support/4.5.3/selenium-support-4.5.3.jar:/Users/itoekimura/.m2/repository/org/javassist/javassist/3.28.0-GA/javassist-3.28.0-GA.jar:/Users/itoekimura/.m2/repository/com/vaadin/external/gwt/gwt-elemental/2.8.2.vaadin2/gwt-elemental-2.8.2.vaadin2.jar:/Users/itoekimura/.m2/repository/com/vaadin/vaadin-testbench-unit/8.2.0/vaadin-testbench-unit-8.2.0.jar:/Users/itoekimura/.m2/repository/org/jetbrains/kotlin/kotlin-stdlib-jdk8/1.6.21/kotlin-stdlib-jdk8-1.6.21.jar:/Users/itoekimura/.m2/repository/org/jetbrains/kotlin/kotlin-stdlib/1.6.21/kotlin-stdlib-1.6.21.jar:/Users/itoekimura/.m2/repository/org/jetbrains/kotlin/kotlin-stdlib-common/1.6.21/kotlin-stdlib-common-1.6.21.jar:/Users/itoekimura/.m2/repository/org/jetbrains/annotations/13.0/annotations-13.0.jar:/Users/itoekimura/.m2/repository/org/jetbrains/kotlin/kotlin-stdlib-jdk7/1.6.21/kotlin-stdlib-jdk7-1.6.21.jar:/Users/itoekimura/.m2/repository/org/jetbrains/kotlin/kotlin-reflect/1.6.21/kotlin-reflect-1.6.21.jar:/Users/itoekimura/.m2/repository/io/github/classgraph/classgraph/4.8.146/classgraph-4.8.146.jar:/Users/itoekimura/.m2/repository/javax/servlet/javax.servlet-api/4.0.1/javax.servlet-api-4.0.1.jar:/Users/itoekimura/.m2/repository/com/vaadin/flow-html-components-testbench/23.3.2/flow-html-components-testbench-23.3.2.jar:/Users/itoekimura/.m2/repository/com/vaadin/vaadin-accordion-testbench/23.3.2/vaadin-accordion-testbench-23.3.2.jar:/Users/itoekimura/.m2/repository/com/vaadin/vaadin-app-layout-testbench/23.3.2/vaadin-app-layout-testbench-23.3.2.jar:/Users/itoekimura/.m2/repository/com/vaadin/vaadin-avatar-testbench/23.3.2/vaadin-avatar-testbench-23.3.2.jar:/Users/itoekimura/.m2/repository/com/vaadin/vaadin-board-testbench/23.3.2/vaadin-board-testbench-23.3.2.jar:/Users/itoekimura/.m2/repository/com/vaadin/vaadin-button-testbench/23.3.2/vaadin-button-testbench-23.3.2.jar:/Users/itoekimura/.m2/repository/com/vaadin/vaadin-charts-testbench/23.3.2/vaadin-charts-testbench-23.3.2.jar:/Users/itoekimura/.m2/repository/com/vaadin/vaadin-checkbox-testbench/23.3.2/vaadin-checkbox-testbench-23.3.2.jar:/Users/itoekimura/.m2/repository/com/vaadin/vaadin-combo-box-testbench/23.3.2/vaadin-combo-box-testbench-23.3.2.jar:/Users/itoekimura/.m2/repository/com/vaadin/vaadin-confirm-dialog-testbench/23.3.2/vaadin-confirm-dialog-testbench-23.3.2.jar:/Users/itoekimura/.m2/repository/com/vaadin/vaadin-context-menu-testbench/23.3.2/vaadin-context-menu-testbench-23.3.2.jar:/Users/itoekimura/.m2/repository/com/vaadin/vaadin-cookie-consent-testbench/23.3.2/vaadin-cookie-consent-testbench-23.3.2.jar:/Users/itoekimura/.m2/repository/com/vaadin/vaadin-cookie-consent-flow/23.3.2/vaadin-cookie-consent-flow-23.3.2.jar:/Users/itoekimura/.m2/repository/com/vaadin/vaadin-crud-testbench/23.3.2/vaadin-crud-testbench-23.3.2.jar:/Users/itoekimura/.m2/repository/com/vaadin/vaadin-custom-field-testbench/23.3.2/vaadin-custom-field-testbench-23.3.2.jar:/Users/itoekimura/.m2/repository/com/vaadin/vaadin-date-picker-testbench/23.3.2/vaadin-date-picker-testbench-23.3.2.jar:/Users/itoekimura/.m2/repository/com/vaadin/vaadin-date-time-picker-testbench/23.3.2/vaadin-date-time-picker-testbench-23.3.2.jar:/Users/itoekimura/.m2/repository/com/vaadin/vaadin-details-testbench/23.3.2/vaadin-details-testbench-23.3.2.jar:/Users/itoekimura/.m2/repository/com/vaadin/vaadin-dialog-testbench/23.3.2/vaadin-dialog-testbench-23.3.2.jar:/Users/itoekimura/.m2/repository/com/vaadin/vaadin-form-layout-testbench/23.3.2/vaadin-form-layout-testbench-23.3.2.jar:/Users/itoekimura/.m2/repository/com/vaadin/vaadin-grid-testbench/23.3.2/vaadin-grid-testbench-23.3.2.jar:/Users/itoekimura/.m2/repository/com/vaadin/vaadin-grid-pro-testbench/23.3.2/vaadin-grid-pro-testbench-23.3.2.jar:/Users/itoekimura/.m2/repository/com/vaadin/vaadin-icons-testbench/23.3.2/vaadin-icons-testbench-23.3.2.jar:/Users/itoekimura/.m2/repository/com/vaadin/vaadin-iron-list-testbench/23.3.2/vaadin-iron-list-testbench-23.3.2.jar:/Users/itoekimura/.m2/repository/com/vaadin/vaadin-virtual-list-testbench/23.3.2/vaadin-virtual-list-testbench-23.3.2.jar:/Users/itoekimura/.m2/repository/com/vaadin/vaadin-list-box-testbench/23.3.2/vaadin-list-box-testbench-23.3.2.jar:/Users/itoekimura/.m2/repository/com/vaadin/vaadin-login-testbench/23.3.2/vaadin-login-testbench-23.3.2.jar:/Users/itoekimura/.m2/repository/com/vaadin/vaadin-menu-bar-testbench/23.3.2/vaadin-menu-bar-testbench-23.3.2.jar:/Users/itoekimura/.m2/repository/com/vaadin/vaadin-messages-testbench/23.3.2/vaadin-messages-testbench-23.3.2.jar:/Users/itoekimura/.m2/repository/com/vaadin/vaadin-notification-testbench/23.3.2/vaadin-notification-testbench-23.3.2.jar:/Users/itoekimura/.m2/repository/com/vaadin/vaadin-ordered-layout-testbench/23.3.2/vaadin-ordered-layout-testbench-23.3.2.jar:/Users/itoekimura/.m2/repository/com/vaadin/vaadin-progress-bar-testbench/23.3.2/vaadin-progress-bar-testbench-23.3.2.jar:/Users/itoekimura/.m2/repository/com/vaadin/vaadin-radio-button-testbench/23.3.2/vaadin-radio-button-testbench-23.3.2.jar:/Users/itoekimura/.m2/repository/com/vaadin/vaadin-rich-text-editor-testbench/23.3.2/vaadin-rich-text-editor-testbench-23.3.2.jar:/Users/itoekimura/.m2/repository/com/vaadin/vaadin-select-testbench/23.3.2/vaadin-select-testbench-23.3.2.jar:/Users/itoekimura/.m2/repository/com/vaadin/vaadin-split-layout-testbench/23.3.2/vaadin-split-layout-testbench-23.3.2.jar:/Users/itoekimura/.m2/repository/com/vaadin/vaadin-tabs-testbench/23.3.2/vaadin-tabs-testbench-23.3.2.jar:/Users/itoekimura/.m2/repository/com/vaadin/vaadin-text-field-testbench/23.3.2/vaadin-text-field-testbench-23.3.2.jar:/Users/itoekimura/.m2/repository/com/vaadin/vaadin-time-picker-testbench/23.3.2/vaadin-time-picker-testbench-23.3.2.jar:/Users/itoekimura/.m2/repository/com/vaadin/vaadin-upload-testbench/23.3.2/vaadin-upload-testbench-23.3.2.jar:/Users/itoekimura/.m2/repository/org/junit/vintage/junit-vintage-engine/5.8.2/junit-vintage-engine-5.8.2.jar:/Users/itoekimura/.m2/repository/org/junit/platform/junit-platform-engine/1.8.2/junit-platform-engine-1.8.2.jar:/Users/itoekimura/.m2/repository/org/opentest4j/opentest4j/1.2.0/opentest4j-1.2.0.jar:/Users/itoekimura/.m2/repository/org/junit/platform/junit-platform-commons/1.8.2/junit-platform-commons-1.8.2.jar:/Users/itoekimura/.m2/repository/junit/junit/4.13.2/junit-4.13.2.jar:/Users/itoekimura/.m2/repository/org/apiguardian/apiguardian-api/1.1.2/apiguardian-api-1.1.2.jar:/Users/itoekimura/.m2/repository/io/github/bonigarcia/webdrivermanager/5.1.1/webdrivermanager-5.1.1.jar:/Users/itoekimura/.m2/repository/org/slf4j/slf4j-api/1.7.36/slf4j-api-1.7.36.jar:/Users/itoekimura/.m2/repository/com/google/code/gson/gson/2.9.1/gson-2.9.1.jar:/Users/itoekimura/.m2/repository/com/github/docker-java/docker-java/3.2.13/docker-java-3.2.13.jar:/Users/itoekimura/.m2/repository/com/github/docker-java/docker-java-core/3.2.13/docker-java-core-3.2.13.jar:/Users/itoekimura/.m2/repository/com/github/docker-java/docker-java-api/3.2.13/docker-java-api-3.2.13.jar:/Users/itoekimura/.m2/repository/org/bouncycastle/bcpkix-jdk15on/1.64/bcpkix-jdk15on-1.64.jar:/Users/itoekimura/.m2/repository/org/bouncycastle/bcprov-jdk15on/1.64/bcprov-jdk15on-1.64.jar:/Users/itoekimura/.m2/repository/org/slf4j/jcl-over-slf4j/1.7.36/jcl-over-slf4j-1.7.36.jar:/Users/itoekimura/.m2/repository/com/github/docker-java/docker-java-transport-httpclient5/3.2.13/docker-java-transport-httpclient5-3.2.13.jar:/Users/itoekimura/.m2/repository/com/github/docker-java/docker-java-transport/3.2.13/docker-java-transport-3.2.13.jar:/Users/itoekimura/.m2/repository/net/java/dev/jna/jna/5.11.0/jna-5.11.0.jar:/Users/itoekimura/.m2/repository/org/brotli/dec/0.1.2/dec-0.1.2.jar:/Users/itoekimura/.m2/repository/org/apache/commons/commons-lang3/3.12.0/commons-lang3-3.12.0.jar:/Users/itoekimura/.m2/repository/org/apache/httpcomponents/client5/httpclient5/5.1.3/httpclient5-5.1.3.jar:/Users/itoekimura/.m2/repository/org/apache/httpcomponents/core5/httpcore5/5.1.4/httpcore5-5.1.4.jar:/Users/itoekimura/.m2/repository/org/apache/httpcomponents/core5/httpcore5-h2/5.1.4/httpcore5-h2-5.1.4.jar:/Users/itoekimura/.m2/repository/com/fasterxml/jackson/datatype/jackson-datatype-jsr310/2.14.0/jackson-datatype-jsr310-2.14.0.jar:/Users/itoekimura/.m2/repository/com/fasterxml/jackson/core/jackson-annotations/2.13.4/jackson-annotations-2.13.4.jar:/Users/itoekimura/.m2/repository/com/fasterxml/jackson/core/jackson-core/2.13.4/jackson-core-2.13.4.jar:/Users/itoekimura/.m2/repository/com/fasterxml/jackson/core/jackson-databind/2.13.4.2/jackson-databind-2.13.4.2.jar:/Users/itoekimura/.m2/repository/com/fasterxml/jackson/dataformat/jackson-dataformat-xml/2.14.0/jackson-dataformat-xml-2.14.0.jar:/Users/itoekimura/.m2/repository/org/codehaus/woodstox/stax2-api/4.2.1/stax2-api-4.2.1.jar:/Users/itoekimura/.m2/repository/com/fasterxml/woodstox/woodstox-core/6.4.0/woodstox-core-6.4.0.jar:/Users/itoekimura/.m2/repository/org/projectlombok/lombok/1.18.24/lombok-1.18.24.jar:/Users/itoekimura/.m2/repository/org/mockito/mockito-core/4.11.0/mockito-core-4.11.0.jar:/Users/itoekimura/.m2/repository/net/bytebuddy/byte-buddy/1.12.18/byte-buddy-1.12.18.jar:/Users/itoekimura/.m2/repository/net/bytebuddy/byte-buddy-agent/1.12.18/byte-buddy-agent-1.12.18.jar:/Users/itoekimura/.m2/repository/org/objenesis/objenesis/3.3/objenesis-3.3.jar:"/>
    <property name="sun.cpu.endian" value="little"/>
    <property name="user.home" value="/Users/itoekimura"/>
    <property name="user.language" value="en"/>
    <property name="java.specification.vendor" value="Oracle Corporation"/>
    <property name="java.version.date" value="2022-10-18"/>
    <property name="java.home" value="/opt/homebrew/Cellar/openjdk/19.0.1/libexec/openjdk.jdk/Contents/Home"/>
    <property name="file.separator" value="/"/>
    <property name="basedir" value="/Users/itoekimura/Code/BIRDNEST/hilla/birdnest"/>
    <property name="java.vm.compressedOopsMode" value="Zero based"/>
    <property name="line.separator" value="&#10;"/>
    <property name="java.vm.specification.vendor" value="Oracle Corporation"/>
    <property name="java.specification.name" value="Java Platform API Specification"/>
    <property name="apple.awt.application.name" value="ForkedBooter"/>
    <property name="surefire.real.class.path" value="/Users/itoekimura/Code/BIRDNEST/hilla/birdnest/target/surefire/surefirebooter10987864263567834728.jar"/>
    <property name="sun.management.compiler" value="HotSpot 64-Bit Tiered Compilers"/>
    <property name="ftp.nonProxyHosts" value="local|*.local|169.254/16|*.169.254/16"/>
    <property name="java.runtime.version" value="19.0.1"/>
    <property name="user.name" value="itoekimura"/>
    <property name="stdout.encoding" value="UTF-8"/>
    <property name="path.separator" value=":"/>
    <property name="os.version" value="13.1"/>
    <property name="java.runtime.name" value="OpenJDK Runtime Environment"/>
    <property name="file.encoding" value="UTF-8"/>
    <property name="java.vm.name" value="OpenJDK 64-Bit Server VM"/>
    <property name="java.vendor.version" value="Homebrew"/>
    <property name="localRepository" value="/Users/itoekimura/.m2/repository"/>
    <property name="java.vendor.url.bug" value="https://github.com/Homebrew/homebrew-core/issues"/>
    <property name="java.io.tmpdir" value="/var/folders/1f/l62nj20d5h54vw2bdqjh1v5w0000gn/T/"/>
    <property name="java.version" value="19.0.1"/>
    <property name="user.dir" value="/Users/itoekimura/Code/BIRDNEST/hilla/birdnest"/>
    <property name="os.arch" value="aarch64"/>
    <property name="java.vm.specification.name" value="Java Virtual Machine Specification"/>
    <property name="native.encoding" value="UTF-8"/>
    <property name="java.library.path" value="/Users/itoekimura/Library/Java/Extensions:/Library/Java/Extensions:/Network/Library/Java/Extensions:/System/Library/Java/Extensions:/usr/lib/java:."/>
    <property name="java.vm.info" value="mixed mode, sharing"/>
    <property name="stderr.encoding" value="UTF-8"/>
    <property name="java.vendor" value="Homebrew"/>
    <property name="java.vm.version" value="19.0.1"/>
    <property name="sun.io.unicode.encoding" value="UnicodeBig"/>
    <property name="socksNonProxyHosts" value="local|*.local|169.254/16|*.169.254/16"/>
    <property name="java.class.version" value="63.0"/>
  </properties>
  <testcase name="AddNewViolator_WhenGetPilot_AddPilot" classname="com.birdnest.application.MonitorTests" time="0.493"/>
  <testcase name="UpdateViolator_WhenViolatorSeenAgain_UpdateTimeAndDistance" classname="com.birdnest.application.MonitorTests" time="0.007"/>
  <testcase name="RemoveExpired_WhenTimeIsOverTen_RemoveViolator" classname="com.birdnest.application.MonitorTests" time="0.002"/>
  <testcase name="UpdateViolator_WhenViolatorSeenAgain_UpdateTime" classname="com.birdnest.application.MonitorTests" time="0.003"/>
  <testcase name="CalculateDistance_WhenDistanceZero_hundred" classname="com.birdnest.application.MonitorTests" time="0.002"/>
  <testcase name="CalculateDistance_WhenDistanceZero_Zero" classname="com.birdnest.application.MonitorTests" time="0.002"/>
  <testcase name="AddNewViolator_WhenCannotGetPilot_SetPilotNotAvailable" classname="com.birdnest.application.MonitorTests" time="0.002"/>
</testsuite>